2026-01-22 08:39:29,180 -187646976 [41] INFORMATION Connections dt_platform_nodemanagerhostpipeserver - Клиент ClientName:, ConnectionId:5, CurrentState:WORK, ServerAddress=dt_platform_nodemanagerhostpipeserver, IsServerConnection=True остановлен по причине: подключение остановлено
2026-01-22 08:39:29,225 -187646975 [41] INFORMATION Connections dt_platform_HostPipeServer - Отключен клиент [12345678-0000-0000-0000-1234567890ea, СборщикСобытий, DatareonPlatformEventsStorage]
2026-01-22 08:39:29,229 -187646974 [30] INFORMATION Connections dt_platform_nodemanagerhostpipeserver - Клиент ClientName:, ConnectionId:5, CurrentState:END, ServerAddress=dt_platform_nodemanagerhostpipeserver, IsServerConnection=True остановлен по причине: подключение остановлено
2026-01-22 08:39:29,654 -187646973 [35] INFORMATION All ProcessControl - Процесс для сервиса 12345678-0000-0000-0000-1234567890ea PID=8852 завершился с кодом 0
2026-01-22 08:39:30,657 -187646972 [55] INFORMATION Connections dt_platform_nodemanagerhostpipeserver - Клиент ClientName:, ConnectionId:19, CurrentState:WORK, ServerAddress=dt_platform_nodemanagerhostpipeserver, IsServerConnection=True остановлен по причине: подключение остановлено
2026-01-22 08:39:30,657 -187646971 [55] INFORMATION Connections dt_platform_HostPipeServer - Отключен клиент [41d9723b-0c10-41e9-95e6-e9300da2e018, Процессы, DatareonPlatformProcess]
2026-01-22 08:39:30,690 -187646970 [35] INFORMATION All ProcessControl - Процесс для сервиса 41d9723b-0c10-41e9-95e6-e9300da2e018 PID=26424 завершился с кодом 0
2026-01-22 08:39:31,265 -187646969 [23] INFORMATION Connections dt_platform_nodemanagerhostpipeserver - Клиент ClientName:, ConnectionId:21, CurrentState:WORK, ServerAddress=dt_platform_nodemanagerhostpipeserver, IsServerConnection=True остановлен по причине: подключение остановлено
2026-01-22 08:39:31,265 -187646968 [23] INFORMATION Connections dt_platform_HostPipeServer - Отключен клиент [0be98576-8b31-415d-9dcb-6931feba4b57, ПорталВАд, DatareonPlatformMdmUI]
2026-01-22 08:39:31,265 -187646967 [64] INFORMATION Connections dt_platform_nodemanagerhostpipeserver - Клиент ClientName:, ConnectionId:21, CurrentState:END, ServerAddress=dt_platform_nodemanagerhostpipeserver, IsServerConnection=True остановлен по причине: подключение остановлено
2026-01-22 08:39:31,337 -187646966 [35] INFORMATION All ProcessControl - Процесс для сервиса 0be98576-8b31-415d-9dcb-6931feba4b57 PID=26584 завершился с кодом 0
2026-01-22 08:39:32,354 -187646965 [64] INFORMATION Connections dt_platform_nodemanagerhostpipeserver - Клиент ClientName:, ConnectionId:20, CurrentState:WORK, ServerAddress=dt_platform_nodemanagerhostpipeserver, IsServerConnection=True остановлен по причине: подключение остановлено
2026-01-22 08:39:32,354 -187646964 [64] INFORMATION Connections dt_platform_HostPipeServer - Отключен клиент [418dcccf-6f65-4a33-a0d0-601528e5cc4c, NGARANINA, DatareonPlatformNode]
2026-01-22 08:39:32,406 -187646963 [35] INFORMATION All ProcessControl - Процесс для сервиса 418dcccf-6f65-4a33-a0d0-601528e5cc4c PID=21352 завершился с кодом 0
2026-01-22 08:39:33,944 -187646962 [23] WARNING All ProcessControl - Процесс для сервиса 41d9723b-0c10-41e9-95e6-e9300da2e018 не запущен
2026-01-22 08:39:33,944 -187646961 [64] WARNING All ProcessControl - Процесс для сервиса 12345678-0000-0000-0000-1234567890ea не запущен
2026-01-22 08:39:33,944 -187646960 [30] WARNING All ProcessControl - Процесс для сервиса 0be98576-8b31-415d-9dcb-6931feba4b57 не запущен
2026-01-22 08:39:34,050 -187646959 [64] INFORMATION All ProcessControl - Процесс для сервиса 12345678-0000-0000-0000-1234567890ea успешно запущен
2026-01-22 08:39:34,051 -187646958 [64] INFORMATION All StartNodeService - Процесс  для узла [12345678-0000-0000-0000-1234567890ea, СборщикСобытий] запущен c параметрами -id="12345678-0000-0000-0000-1234567890ea" -c="C:\ProgramData\Datareon\Platform\ClusterConfigs\LocalSettings\DefaultServices\12345678-0000-0000-0000-1234567890ea.json" -lc="C:\ProgramData\Datareon\Platform\ClusterConfigs\LocalSettings\DefaultServices\12345678-0000-0000-0000-1234567890ea-local.json". Идентификатор запущенного процесса 20908.
2026-01-22 08:39:34,084 -187646957 [23] INFORMATION All ProcessControl - Процесс для сервиса 41d9723b-0c10-41e9-95e6-e9300da2e018 успешно запущен
2026-01-22 08:39:34,084 -187646956 [23] INFORMATION All StartNodeService - Процесс  для узла [41d9723b-0c10-41e9-95e6-e9300da2e018, Процессы] запущен c параметрами -id="41d9723b-0c10-41e9-95e6-e9300da2e018" -c="C:\ProgramData\Datareon\Platform\ClusterConfigs\LocalSettings\41d9723b-0c10-41e9-95e6-e9300da2e018.json" -lc="C:\ProgramData\Datareon\Platform\ClusterConfigs\LocalSettings\41d9723b-0c10-41e9-95e6-e9300da2e018-local.json". Идентификатор запущенного процесса 10704.
2026-01-22 08:39:34,129 -187646955 [30] INFORMATION All ProcessControl - Процесс для сервиса 0be98576-8b31-415d-9dcb-6931feba4b57 успешно запущен
2026-01-22 08:39:34,129 -187646954 [30] INFORMATION All StartNodeService - Процесс  для узла [0be98576-8b31-415d-9dcb-6931feba4b57, ПорталВАд] запущен c параметрами -id="0be98576-8b31-415d-9dcb-6931feba4b57" -c="C:\ProgramData\Datareon\Platform\ClusterConfigs\LocalSettings\0be98576-8b31-415d-9dcb-6931feba4b57.json" -lc="C:\ProgramData\Datareon\Platform\ClusterConfigs\LocalSettings\0be98576-8b31-415d-9dcb-6931feba4b57-local.json". Идентификатор запущенного процесса 25088.
2026-01-22 08:39:34,133 -187646953 [23] WARNING All ProcessControl - Процесс для сервиса 418dcccf-6f65-4a33-a0d0-601528e5cc4c не запущен
2026-01-22 08:39:34,164 -187646952 [23] INFORMATION All ProcessControl - Процесс для сервиса 418dcccf-6f65-4a33-a0d0-601528e5cc4c успешно запущен
2026-01-22 08:39:34,164 -187646951 [23] INFORMATION All StartNodeService - Процесс для Node запущен c параметрами -id="418dcccf-6f65-4a33-a0d0-601528e5cc4c" -c="C:\ProgramData\Datareon\Platform\ClusterConfigs\LocalSettings\418dcccf-6f65-4a33-a0d0-601528e5cc4c.json" -lc="C:\ProgramData\Datareon\Platform\ClusterConfigs\LocalSettings\418dcccf-6f65-4a33-a0d0-601528e5cc4c-local.json". Идентификатор запущенного процесса 1116.
2026-01-22 08:39:34,328 -187646950 [33] INFORMATION Connections dt_platform_nodemanagerhostpipeserver - Клиент ClientName:, ConnectionId:27, CurrentState:WORK, ServerAddress=dt_platform_nodemanagerhostpipeserver, IsServerConnection=True остановлен по причине: подключение остановлено
2026-01-22 08:39:34,328 -187646949 [33] INFORMATION Connections dt_platform_HostPipeServer - Отключен клиент [0e5acb3a-05c1-42f2-94aa-e75d1ace2e38, FileOut, DatareonPlatformSystem]
2026-01-22 08:39:34,359 -187646948 [35] INFORMATION All ProcessControl - Процесс для сервиса 0e5acb3a-05c1-42f2-94aa-e75d1ace2e38 PID=26576 завершился с кодом 0
2026-01-22 08:39:34,360 -187646947 [23] INFORMATION All ProcessControl - Успешная остановка процесса сервиса 0e5acb3a-05c1-42f2-94aa-e75d1ace2e38
2026-01-22 08:39:34,362 -187646946 [23] WARNING All NodesObserver - Система [0e5acb3a-05c1-42f2-94aa-e75d1ace2e38, FileOut] не отвечает на Ping-сообщения более 00:20:00 и будет перезапущена
2026-01-22 08:39:34,413 -187646945 [23] INFORMATION All ProcessControl - Процесс для сервиса 0e5acb3a-05c1-42f2-94aa-e75d1ace2e38 успешно запущен
2026-01-22 08:39:34,413 -187646944 [23] INFORMATION All StartNodeService - Процесс  для узла [0e5acb3a-05c1-42f2-94aa-e75d1ace2e38, FileOut] запущен c параметрами -id="0e5acb3a-05c1-42f2-94aa-e75d1ace2e38" -c="C:\ProgramData\Datareon\Platform\ClusterConfigs\LocalSettings\0e5acb3a-05c1-42f2-94aa-e75d1ace2e38.json" -lc="C:\ProgramData\Datareon\Platform\ClusterConfigs\LocalSettings\0e5acb3a-05c1-42f2-94aa-e75d1ace2e38-local.json". Идентификатор запущенного процесса 2960.
2026-01-22 08:39:34,515 -187646943 [33] INFORMATION Connections dt_platform_nodemanagerhostpipeserver - Клиент ClientName:, ConnectionId:26, CurrentState:WORK, ServerAddress=dt_platform_nodemanagerhostpipeserver, IsServerConnection=True остановлен по причине: подключение остановлено
2026-01-22 08:39:34,516 -187646942 [33] INFORMATION Connections dt_platform_HostPipeServer - Отключен клиент [c19daf81-5968-4964-b93a-81b09d63a36e, File1, DatareonPlatformSystem]
2026-01-22 08:39:34,553 -187646941 [35] INFORMATION All ProcessControl - Процесс для сервиса c19daf81-5968-4964-b93a-81b09d63a36e PID=5084 завершился с кодом 0
2026-01-22 08:39:34,553 -187646940 [23] INFORMATION All ProcessControl - Успешная остановка процесса сервиса c19daf81-5968-4964-b93a-81b09d63a36e
2026-01-22 08:39:34,554 -187646939 [23] WARNING All NodesObserver - Система [c19daf81-5968-4964-b93a-81b09d63a36e, File1] не отвечает на Ping-сообщения более 00:20:00 и будет перезапущена
2026-01-22 08:39:34,568 -187646938 [23] INFORMATION All ProcessControl - Процесс для сервиса c19daf81-5968-4964-b93a-81b09d63a36e успешно запущен
2026-01-22 08:39:34,568 -187646937 [23] INFORMATION All StartNodeService - Процесс  для узла [c19daf81-5968-4964-b93a-81b09d63a36e, File1] запущен c параметрами -id="c19daf81-5968-4964-b93a-81b09d63a36e" -c="C:\ProgramData\Datareon\Platform\ClusterConfigs\LocalSettings\c19daf81-5968-4964-b93a-81b09d63a36e.json" -lc="C:\ProgramData\Datareon\Platform\ClusterConfigs\LocalSettings\c19daf81-5968-4964-b93a-81b09d63a36e-local.json". Идентификатор запущенного процесса 26036.
2026-01-22 08:39:34,728 -187646936 [30] INFORMATION Connections dt_platform_nodemanagerhostpipeserver - Клиент ClientName:, ConnectionId:23, CurrentState:WORK, ServerAddress=dt_platform_nodemanagerhostpipeserver, IsServerConnection=True остановлен по причине: подключение остановлено
2026-01-22 08:39:34,728 -187646935 [30] INFORMATION Connections dt_platform_HostPipeServer - Отключен клиент [d987104b-6812-4a38-aa5a-a44cd4cc91fe, ПорталВАд2, DatareonPlatformMdmUI]
2026-01-22 08:39:34,823 -187646934 [48] INFORMATION All ProcessControl - Процесс для сервиса d987104b-6812-4a38-aa5a-a44cd4cc91fe PID=18980 завершился с кодом 0
2026-01-22 08:39:34,823 -187646933 [23] INFORMATION All ProcessControl - Успешная остановка процесса сервиса d987104b-6812-4a38-aa5a-a44cd4cc91fe
2026-01-22 08:39:34,823 -187646932 [23] WARNING All NodesObserver - Модуль [d987104b-6812-4a38-aa5a-a44cd4cc91fe, ПорталВАд2] не отвечает на Ping-сообщения более 00:20:00 и будет перезапущен
2026-01-22 08:39:34,841 -187646931 [23] INFORMATION All ProcessControl - Процесс для сервиса d987104b-6812-4a38-aa5a-a44cd4cc91fe успешно запущен
2026-01-22 08:39:34,841 -187646930 [23] INFORMATION All StartNodeService - Процесс  для узла [d987104b-6812-4a38-aa5a-a44cd4cc91fe, ПорталВАд2] запущен c параметрами -id="d987104b-6812-4a38-aa5a-a44cd4cc91fe" -c="C:\ProgramData\Datareon\Platform\ClusterConfigs\LocalSettings\d987104b-6812-4a38-aa5a-a44cd4cc91fe.json" -lc="C:\ProgramData\Datareon\Platform\ClusterConfigs\LocalSettings\d987104b-6812-4a38-aa5a-a44cd4cc91fe-local.json". Идентификатор запущенного процесса 6400.
2026-01-22 08:39:34,960 -187646929 [4] INFORMATION Connections dt_platform_nodemanagerhostpipeserver - Клиент ClientName:, ConnectionId:25, CurrentState:WORK, ServerAddress=dt_platform_nodemanagerhostpipeserver, IsServerConnection=True остановлен по причине: подключение остановлено
2026-01-22 08:39:34,960 -187646928 [4] INFORMATION Connections dt_platform_HostPipeServer - Отключен клиент [8fe6d5a7-ba5c-494c-bcf3-f8be6471ea81, File2, DatareonPlatformSystem]
2026-01-22 08:39:34,991 -187646927 [48] INFORMATION All ProcessControl - Процесс для сервиса 8fe6d5a7-ba5c-494c-bcf3-f8be6471ea81 PID=22344 завершился с кодом 0
2026-01-22 08:39:34,995 -187646926 [23] INFORMATION All ProcessControl - Успешная остановка процесса сервиса 8fe6d5a7-ba5c-494c-bcf3-f8be6471ea81
2026-01-22 08:39:34,995 -187646925 [23] WARNING All NodesObserver - Система [8fe6d5a7-ba5c-494c-bcf3-f8be6471ea81, File2] не отвечает на Ping-сообщения более 00:20:00 и будет перезапущена
2026-01-22 08:39:35,013 -187646924 [23] INFORMATION All ProcessControl - Процесс для сервиса 8fe6d5a7-ba5c-494c-bcf3-f8be6471ea81 успешно запущен
2026-01-22 08:39:35,013 -187646923 [23] INFORMATION All StartNodeService - Процесс  для узла [8fe6d5a7-ba5c-494c-bcf3-f8be6471ea81, File2] запущен c параметрами -id="8fe6d5a7-ba5c-494c-bcf3-f8be6471ea81" -c="C:\ProgramData\Datareon\Platform\ClusterConfigs\LocalSettings\8fe6d5a7-ba5c-494c-bcf3-f8be6471ea81.json" -lc="C:\ProgramData\Datareon\Platform\ClusterConfigs\LocalSettings\8fe6d5a7-ba5c-494c-bcf3-f8be6471ea81-local.json". Идентификатор запущенного процесса 12296.
2026-01-22 08:39:35,194 -187646922 [30] INFORMATION Connections dt_platform_nodemanagerhostpipeserver - Клиент ClientName:, ConnectionId:24, CurrentState:WORK, ServerAddress=dt_platform_nodemanagerhostpipeserver, IsServerConnection=True остановлен по причине: подключение остановлено
2026-01-22 08:39:35,194 -187646921 [30] INFORMATION Connections dt_platform_HostPipeServer - Отключен клиент [03ecf3d0-070b-4133-ae7b-832414500060, RestIn, DatareonPlatformSystem]
2026-01-22 08:39:35,205 -187646920 [72] ERROR All Server [RestIn->dt_platform_HostPipeServer] - Ошибка подключения ErrorBadRequest. Подробности: Нарушение протокола. Получена датаграмма Datagram[Type=ENDSESSION_DATAGRAM_TYPE] при состоянии FIN_ACK соединение: fb890559-f915-460e-9033-7a4a86329b5b
2026-01-22 08:39:35,213 -187646919 [72] WARNING All Server [RestIn->dt_platform_HostPipeServer] - Не удалось отправить ErrorDatagram: Adk.Net2.Exceptions.TransportException: Не удалось отправить датаграмму: канал закрыт.
   at Adk.Net2.Connection.SendDatagramAsync(Func`3 serializeAsync, Boolean specificHandle)
   at DT.Net.Protocols.DataProtocol.DataProtocolStateMachine.State.HandleError(ErrorStateCode errorCode, String errorMessage)
2026-01-22 08:39:35,250 -187646918 [48] INFORMATION All ProcessControl - Процесс для сервиса 03ecf3d0-070b-4133-ae7b-832414500060 PID=23272 завершился с кодом 0
2026-01-22 08:39:35,250 -187646917 [23] INFORMATION All ProcessControl - Успешная остановка процесса сервиса 03ecf3d0-070b-4133-ae7b-832414500060
2026-01-22 08:39:35,250 -187646916 [23] WARNING All NodesObserver - Система [03ecf3d0-070b-4133-ae7b-832414500060, RestIn] не отвечает на Ping-сообщения более 00:20:00 и будет перезапущена
2026-01-22 08:39:35,265 -187646915 [23] INFORMATION All ProcessControl - Процесс для сервиса 03ecf3d0-070b-4133-ae7b-832414500060 успешно запущен
2026-01-22 08:39:35,265 -187646914 [23] INFORMATION All StartNodeService - Процесс  для узла [03ecf3d0-070b-4133-ae7b-832414500060, RestIn] запущен c параметрами -id="03ecf3d0-070b-4133-ae7b-832414500060" -c="C:\ProgramData\Datareon\Platform\ClusterConfigs\LocalSettings\03ecf3d0-070b-4133-ae7b-832414500060.json" -lc="C:\ProgramData\Datareon\Platform\ClusterConfigs\LocalSettings\03ecf3d0-070b-4133-ae7b-832414500060-local.json". Идентификатор запущенного процесса 2816.
2026-01-22 08:39:35,552 -187646913 [33] INFORMATION Connections dt_platform_nodemanagerhostpipeserver - Клиент ClientName:, ConnectionId:18, CurrentState:WORK, ServerAddress=dt_platform_nodemanagerhostpipeserver, IsServerConnection=True остановлен по причине: подключение остановлено
2026-01-22 08:39:35,552 -187646912 [33] INFORMATION Connections dt_platform_HostPipeServer - Отключен клиент [00000000-6a06-4239-bb04-fb60f8603770, ControlServer, DatareonPlatformControlCenter]
2026-01-22 08:39:35,658 -187646911 [48] INFORMATION All ProcessControl - Процесс для сервиса 00000000-6a06-4239-bb04-fb60f8603770 PID=5024 завершился с кодом 0
2026-01-22 08:39:35,658 -187646910 [23] INFORMATION All ProcessControl - Успешная остановка процесса сервиса 00000000-6a06-4239-bb04-fb60f8603770
2026-01-22 08:39:38,062 -187646909 [55] INFORMATION Connections PipeServer[dt_platform_nodemanagerhostpipeserver] - Принято новое NamedPipe-подключение (ConnectionID=28) к серверу dt_platform_nodemanagerhostpipeserver
2026-01-22 08:39:38,393 -187646908 [64] INFORMATION Connections dt_platform_HostPipeServer - Подключен клиент [418dcccf-6f65-4a33-a0d0-601528e5cc4c, NGARANINA, DatareonPlatformNode]
2026-01-22 08:39:38,793 -187646907 [64] INFORMATION All ConnectServerHandler - Подключен узел NM Node [418dcccf-6f65-4a33-a0d0-601528e5cc4c]
2026-01-22 08:39:39,762 -187646906 [30] INFORMATION All UpdateConfigurationHandler - Обработка запроса на обновление конфигурации модулей.
2026-01-22 08:39:39,762 -187646905 [30] INFORMATION All UpdateConfigurationHandler - Начало обработки запроса на обновление конфигурации модулей.
2026-01-22 08:39:39,785 -187646904 [64] INFORMATION Connections PipeServer[dt_platform_nodemanagerhostpipeserver] - Принято новое NamedPipe-подключение (ConnectionID=29) к серверу dt_platform_nodemanagerhostpipeserver
2026-01-22 08:39:39,785 -187646903 [30] INFORMATION All NodesObserver - Мониторинг узлов успешно остановлен
2026-01-22 08:39:39,793 -187646902 [55] INFORMATION Connections dt_platform_HostPipeServer - Подключен клиент [0be98576-8b31-415d-9dcb-6931feba4b57, ПорталВАд, DatareonPlatformMdmUI]
2026-01-22 08:39:39,810 -187646901 [55] INFORMATION Connections PipeServer[dt_platform_nodemanagerhostpipeserver] - Принято новое NamedPipe-подключение (ConnectionID=30) к серверу dt_platform_nodemanagerhostpipeserver
2026-01-22 08:39:39,812 -187646900 [4] INFORMATION Connections dt_platform_HostPipeServer - Подключен клиент [d987104b-6812-4a38-aa5a-a44cd4cc91fe, ПорталВАд2, DatareonPlatformMdmUI]
2026-01-22 08:39:39,839 -187646899 [23] INFORMATION Connections PipeServer[dt_platform_nodemanagerhostpipeserver] - Принято новое NamedPipe-подключение (ConnectionID=31) к серверу dt_platform_nodemanagerhostpipeserver
2026-01-22 08:39:39,845 -187646898 [4] INFORMATION Connections dt_platform_HostPipeServer - Подключен клиент [12345678-0000-0000-0000-1234567890ea, СборщикСобытий, DatareonPlatformEventsStorage]
2026-01-22 08:39:39,894 -187646897 [72] INFORMATION Connections PipeServer[dt_platform_nodemanagerhostpipeserver] - Принято новое NamedPipe-подключение (ConnectionID=32) к серверу dt_platform_nodemanagerhostpipeserver
2026-01-22 08:39:39,909 -187646896 [32] INFORMATION Connections dt_platform_HostPipeServer - Подключен клиент [41d9723b-0c10-41e9-95e6-e9300da2e018, Процессы, DatareonPlatformProcess]
2026-01-22 08:39:39,960 -187646895 [64] INFORMATION Connections dt_platform_nodemanagerhostpipeserver - Клиент ClientName:, ConnectionId:22, CurrentState:WORK, ServerAddress=dt_platform_nodemanagerhostpipeserver, IsServerConnection=True остановлен по причине: подключение остановлено
2026-01-22 08:39:39,961 -187646894 [64] INFORMATION Connections dt_platform_HostPipeServer - Отключен клиент [00000000-1234-5678-0000-123456789000, УправлениеПользователями, DatareonPlatformCredential]
2026-01-22 08:39:40,029 -187646893 [10] INFORMATION All ProcessControl - Процесс для сервиса 00000000-1234-5678-0000-123456789000 PID=18560 завершился с кодом 0
2026-01-22 08:39:40,029 -187646892 [30] INFORMATION All ProcessControl - Успешная остановка процесса сервиса 00000000-1234-5678-0000-123456789000
2026-01-22 08:39:40,168 -187646891 [30] INFORMATION All ProcessControl - Процесс для сервиса 00000000-6a06-4239-bb04-fb60f8603770 успешно запущен
2026-01-22 08:39:40,168 -187646890 [30] INFORMATION All StartNodeService - Процесс  для узла [00000000-6a06-4239-bb04-fb60f8603770, Control Server] запущен c параметрами -id="00000000-6a06-4239-bb04-fb60f8603770" -c="C:\ProgramData\Datareon\Platform\ClusterConfigs\LocalSettings\00000000-6a06-4239-bb04-fb60f8603770.json" -lc="C:\ProgramData\Datareon\Platform\ClusterConfigs\LocalSettings\00000000-6a06-4239-bb04-fb60f8603770-local.json". Идентификатор запущенного процесса 21628.
2026-01-22 08:39:40,270 -187646889 [41] INFORMATION All ProcessControl - Процесс для сервиса 00000000-1234-5678-0000-123456789000 успешно запущен
2026-01-22 08:39:40,279 -187646888 [41] INFORMATION All StartNodeService - Процесс  для узла [00000000-1234-5678-0000-123456789000, УправлениеПользователями] запущен c параметрами -id="00000000-1234-5678-0000-123456789000" -c="C:\ProgramData\Datareon\Platform\ClusterConfigs\LocalSettings\DefaultServices\00000000-1234-5678-0000-123456789000.json" -lc="C:\ProgramData\Datareon\Platform\ClusterConfigs\LocalSettings\DefaultServices\00000000-1234-5678-0000-123456789000-local.json". Идентификатор запущенного процесса 5016.
2026-01-22 08:39:40,383 -187646887 [33] INFORMATION All ConnectServerHandler - Подключен узел СборщикСобытий [12345678-0000-0000-0000-1234567890ea]
2026-01-22 08:39:40,396 -187646886 [33] INFORMATION All ConnectServerHandler - Подключен узел ПорталВАд [0be98576-8b31-415d-9dcb-6931feba4b57]
2026-01-22 08:39:40,438 -187646885 [30] INFORMATION All ConnectServerHandler - Подключен узел ПорталВАд2 [d987104b-6812-4a38-aa5a-a44cd4cc91fe]
2026-01-22 08:39:40,467 -187646884 [23] INFORMATION All ConnectServerHandler - Подключен узел Процессы [41d9723b-0c10-41e9-95e6-e9300da2e018]
2026-01-22 08:39:40,866 -187646883 [33] INFORMATION All NodeManagerActorService - Все модули успешно запущены
2026-01-22 08:39:41,236 -187646882 [77] INFORMATION Connections PipeServer[dt_platform_nodemanagerhostpipeserver] - Принято новое NamedPipe-подключение (ConnectionID=33) к серверу dt_platform_nodemanagerhostpipeserver
2026-01-22 08:39:41,243 -187646881 [72] INFORMATION Connections PipeServer[dt_platform_nodemanagerhostpipeserver] - Принято новое NamedPipe-подключение (ConnectionID=34) к серверу dt_platform_nodemanagerhostpipeserver
2026-01-22 08:39:41,244 -187646880 [77] INFORMATION Connections dt_platform_HostPipeServer - Подключен клиент [03ecf3d0-070b-4133-ae7b-832414500060, RestIn, DatareonPlatformSystem]
2026-01-22 08:39:41,245 -187646879 [72] INFORMATION Connections dt_platform_HostPipeServer - Подключен клиент [0e5acb3a-05c1-42f2-94aa-e75d1ace2e38, FileOut, DatareonPlatformSystem]
2026-01-22 08:39:41,331 -187646878 [41] INFORMATION All ConnectServerHandler - Подключен узел FileOut [0e5acb3a-05c1-42f2-94aa-e75d1ace2e38]
2026-01-22 08:39:41,331 -187646877 [41] INFORMATION All ConnectServerHandler - Подключен узел RestIn [03ecf3d0-070b-4133-ae7b-832414500060]
2026-01-22 08:39:41,431 -187646876 [41] INFORMATION Connections PipeServer[dt_platform_nodemanagerhostpipeserver] - Принято новое NamedPipe-подключение (ConnectionID=35) к серверу dt_platform_nodemanagerhostpipeserver
2026-01-22 08:39:41,445 -187646875 [72] INFORMATION Connections dt_platform_HostPipeServer - Подключен клиент [c19daf81-5968-4964-b93a-81b09d63a36e, File1, DatareonPlatformSystem]
2026-01-22 08:39:41,530 -187646874 [4] INFORMATION All ConnectServerHandler - Подключен узел File1 [c19daf81-5968-4964-b93a-81b09d63a36e]
2026-01-22 08:39:41,794 -187646873 [59] INFORMATION Connections PipeServer[dt_platform_nodemanagerhostpipeserver] - Принято новое NamedPipe-подключение (ConnectionID=36) к серверу dt_platform_nodemanagerhostpipeserver
2026-01-22 08:39:41,802 -187646872 [41] INFORMATION Connections dt_platform_HostPipeServer - Подключен клиент [8fe6d5a7-ba5c-494c-bcf3-f8be6471ea81, File2, DatareonPlatformSystem]
2026-01-22 08:39:41,885 -187646871 [77] INFORMATION All ConnectServerHandler - Подключен узел File2 [8fe6d5a7-ba5c-494c-bcf3-f8be6471ea81]
2026-01-22 08:39:42,116 -187646870 [23] INFORMATION Connections PipeServer[dt_platform_nodemanagerhostpipeserver] - Принято новое NamedPipe-подключение (ConnectionID=37) к серверу dt_platform_nodemanagerhostpipeserver
2026-01-22 08:39:42,764 -187646869 [72] INFORMATION Connections dt_platform_HostPipeServer - Подключен клиент [00000000-6a06-4239-bb04-fb60f8603770, ControlServer, DatareonPlatformControlCenter]
2026-01-22 08:39:42,938 -187646868 [77] INFORMATION Connections PipeServer[dt_platform_nodemanagerhostpipeserver] - Принято новое NamedPipe-подключение (ConnectionID=38) к серверу dt_platform_nodemanagerhostpipeserver
2026-01-22 08:39:42,953 -187646867 [33] INFORMATION Connections dt_platform_HostPipeServer - Подключен клиент [00000000-1234-5678-0000-123456789000, УправлениеПользователями, DatareonPlatformCredential]
2026-01-22 08:39:43,300 -187646866 [20] INFORMATION Connections dt_platform_nodemanagerhostpipeserver - Клиент ClientName:, ConnectionId:3, CurrentState:WORK, ServerAddress=dt_platform_nodemanagerhostpipeserver, IsServerConnection=True остановлен по причине: подключение остановлено
2026-01-22 08:39:43,300 -187646865 [20] INFORMATION Connections dt_platform_HostPipeServer - Отключен клиент [87654321-4321-0000-0000-123456789000, СервисМониторинга, DatareonPlatformMonitoringService]
2026-01-22 08:39:43,358 -187646864 [48] INFORMATION All ProcessControl - Процесс для сервиса 87654321-4321-0000-0000-123456789000 PID=13016 завершился с кодом 0
2026-01-22 08:39:43,459 -187646863 [4] INFORMATION All ConnectServerHandler - Подключен узел Control Server [00000000-6a06-4239-bb04-fb60f8603770]
2026-01-22 08:39:43,498 -187646862 [72] INFORMATION All ConnectServerHandler - Подключен узел УправлениеПользователями [00000000-1234-5678-0000-123456789000]
2026-01-22 08:39:43,878 -187646861 [33] INFORMATION All NodesObserver - Событие произошло 1 раз:
Мониторинг узлов успешно остановлен
2026-01-22 08:39:50,878 -187646860 [23] WARNING All ProcessControl - Процесс для сервиса 87654321-4321-0000-0000-123456789000 не запущен
2026-01-22 08:39:50,967 -187646859 [23] INFORMATION All ProcessControl - Процесс для сервиса 87654321-4321-0000-0000-123456789000 успешно запущен
2026-01-22 08:39:50,967 -187646858 [23] INFORMATION All StartNodeService - Процесс  для узла [87654321-4321-0000-0000-123456789000, СервисМониторинга] запущен c параметрами -id="87654321-4321-0000-0000-123456789000" -c="C:\ProgramData\Datareon\Platform\ClusterConfigs\LocalSettings\DefaultServices\87654321-4321-0000-0000-123456789000.json" -lc="C:\ProgramData\Datareon\Platform\ClusterConfigs\LocalSettings\DefaultServices\87654321-4321-0000-0000-123456789000-local.json". Идентификатор запущенного процесса 7984.
2026-01-22 08:39:52,020 -187646857 [20] INFORMATION Connections PipeServer[dt_platform_nodemanagerhostpipeserver] - Принято новое NamedPipe-подключение (ConnectionID=39) к серверу dt_platform_nodemanagerhostpipeserver
2026-01-22 08:39:52,022 -187646856 [20] INFORMATION Connections dt_platform_HostPipeServer - Подключен клиент [87654321-4321-0000-0000-123456789000, СервисМониторинга, DatareonPlatformMonitoringService]
2026-01-22 08:39:52,325 -187646855 [23] INFORMATION All ConnectServerHandler - Подключен узел СервисМониторинга [87654321-4321-0000-0000-123456789000]
2026-01-22 08:43:30,025 -187646854 [4] INFORMATION All PlatformValidationService - Запуск проверки целостности файлов
2026-01-22 08:44:42,738 -187646853 [24] INFORMATION All PlatformValidationService - Проверка целостности файлов завершена успешно
2026-01-22 09:31:59,392 -187646852 [94] INFORMATION All UpdateConfigurationHandler - Обработка запроса на обновление конфигурации модулей.
2026-01-22 09:31:59,410 -187646851 [94] INFORMATION All UpdateConfigurationHandler - Начало обработки запроса на обновление конфигурации модулей.
2026-01-22 09:31:59,683 -187646850 [94] INFORMATION All NodesObserver - Мониторинг узлов успешно остановлен
2026-01-22 09:31:59,925 -187646849 [93] INFORMATION Connections dt_platform_nodemanagerhostpipeserver - Клиент ClientName:, ConnectionId:38, CurrentState:WORK, ServerAddress=dt_platform_nodemanagerhostpipeserver, IsServerConnection=True остановлен по причине: подключение остановлено
2026-01-22 09:31:59,929 -187646848 [93] INFORMATION Connections dt_platform_HostPipeServer - Отключен клиент [00000000-1234-5678-0000-123456789000, УправлениеПользователями, DatareonPlatformCredential]
2026-01-22 09:31:59,929 -187646847 [92] INFORMATION Connections dt_platform_nodemanagerhostpipeserver - Клиент ClientName:, ConnectionId:38, CurrentState:END, ServerAddress=dt_platform_nodemanagerhostpipeserver, IsServerConnection=True остановлен по причине: подключение остановлено
2026-01-22 09:32:00,074 -187646846 [60] INFORMATION All ProcessControl - Процесс для сервиса 00000000-1234-5678-0000-123456789000 PID=5016 завершился с кодом 0
2026-01-22 09:32:00,079 -187646845 [94] INFORMATION All ProcessControl - Успешная остановка процесса сервиса 00000000-1234-5678-0000-123456789000
2026-01-22 09:32:00,154 -187646844 [94] INFORMATION All ProcessControl - Процесс для сервиса 00000000-1234-5678-0000-123456789000 успешно запущен
2026-01-22 09:32:00,154 -187646843 [94] INFORMATION All StartNodeService - Процесс  для узла [00000000-1234-5678-0000-123456789000, УправлениеПользователями] запущен c параметрами -id="00000000-1234-5678-0000-123456789000" -c="C:\ProgramData\Datareon\Platform\ClusterConfigs\LocalSettings\DefaultServices\00000000-1234-5678-0000-123456789000.json" -lc="C:\ProgramData\Datareon\Platform\ClusterConfigs\LocalSettings\DefaultServices\00000000-1234-5678-0000-123456789000-local.json". Идентификатор запущенного процесса 1464.
2026-01-22 09:32:01,751 -187646842 [90] INFORMATION Connections PipeServer[dt_platform_nodemanagerhostpipeserver] - Принято новое NamedPipe-подключение (ConnectionID=40) к серверу dt_platform_nodemanagerhostpipeserver
2026-01-22 09:32:01,757 -187646841 [92] INFORMATION Connections dt_platform_HostPipeServer - Подключен клиент [00000000-1234-5678-0000-123456789000, УправлениеПользователями, DatareonPlatformCredential]
2026-01-22 09:32:02,095 -187646840 [92] INFORMATION All ConnectServerHandler - Подключен узел УправлениеПользователями [00000000-1234-5678-0000-123456789000]
